app/build/intermediates/manifest_merge_blame_file/debug/manifest-merger-blame-debug-report.txt
1<?xml version="1.0" encoding="utf-8"?>
2<manifest xmlns:android="http://schemas.android.com/apk/res/android"
3    package="com.example.playerdemo"
4    android:versionCode="1"
5    android:versionName="1.0" >
6
7    <uses-sdk
8        android:minSdkVersion="21"
8-->src\main\AndroidManifest.xml
9        android:targetSdkVersion="29" />
9-->src\main\AndroidManifest.xml
10
11    <uses-permission android:name="android.permission.ACCESS_NETWORK_STATE" />
11-->src\main\AndroidManifest.xml:5:5-79
11-->src\main\AndroidManifest.xml:5:22-76
12    <uses-permission android:name="android.permission.ACCESS_WIFI_STATE" />
12-->src\main\AndroidManifest.xml:6:5-76
12-->src\main\AndroidManifest.xml:6:22-73
13    <uses-permission android:name="android.permission.CAMERA" />
13-->src\main\AndroidManifest.xml:7:5-65
13-->src\main\AndroidManifest.xml:7:22-62
14    <uses-permission android:name="android.permission.DISABLE_KEYGUARD" />
14-->src\main\AndroidManifest.xml:8:5-75
14-->src\main\AndroidManifest.xml:8:22-72
15    <uses-permission android:name="android.permission.INTERNET" />
15-->src\main\AndroidManifest.xml:9:5-67
15-->src\main\AndroidManifest.xml:9:22-64
16    <uses-permission android:name="android.permission.MODIFY_AUDIO_SETTINGS" />
16-->src\main\AndroidManifest.xml:10:5-80
16-->src\main\AndroidManifest.xml:10:22-77
17    <uses-permission android:name="android.permission.RECORD_AUDIO" />
17-->src\main\AndroidManifest.xml:11:5-71
17-->src\main\AndroidManifest.xml:11:22-68
18    <uses-permission android:name="android.permission.WAKE_LOCK" />
18-->src\main\AndroidManifest.xml:12:5-68
18-->src\main\AndroidManifest.xml:12:22-65
19    <uses-permission android:name="android.permission.WRITE_EXTERNAL_STORAGE" />
19-->src\main\AndroidManifest.xml:13:5-81
19-->src\main\AndroidManifest.xml:13:22-78
20    <uses-permission android:name="android.permission.READ_EXTERNAL_STORAGE" />
20-->src\main\AndroidManifest.xml:14:5-80
20-->src\main\AndroidManifest.xml:14:22-77
21    <uses-permission android:name="android.permission.WRITE_SETTINGS" />
21-->src\main\AndroidManifest.xml:15:5-73
21-->src\main\AndroidManifest.xml:15:22-70
22    <uses-permission android:name="android.permission.SET_VOLUME_KEY_LONG_PRESS_LISTENER" />
22-->src\main\AndroidManifest.xml:16:5-93
22-->src\main\AndroidManifest.xml:16:22-90
23    <uses-permission android:name="android.permission.SET_MEDIA_KEY_LISTENER" />
23-->src\main\AndroidManifest.xml:17:5-81
23-->src\main\AndroidManifest.xml:17:22-78
24
25    <application
25-->src\main\AndroidManifest.xml:19:5-49:19
26        android:allowBackup="true"
26-->src\main\AndroidManifest.xml:20:9-35
27        android:appComponentFactory="androidx.core.app.CoreComponentFactory"
27-->[androidx.core:core:1.1.0] AndroidManifest.xml:24:18-86
28        android:debuggable="true"
29        android:icon="@mipmap/ic_launcher"
29-->src\main\AndroidManifest.xml:21:9-43
30        android:label="@string/app_name"
30-->src\main\AndroidManifest.xml:22:9-41
31        android:roundIcon="@mipmap/ic_launcher_round"
31-->src\main\AndroidManifest.xml:23:9-54
32        android:supportsRtl="true"
32-->src\main\AndroidManifest.xml:24:9-35
33        android:testOnly="true"
34        android:theme="@style/AppTheme" >
34-->src\main\AndroidManifest.xml:25:9-40
35        <activity
35-->src\main\AndroidManifest.xml:26:9-29:56
36            android:name="com.example.playerdemo.MediaProviderActivity"
36-->src\main\AndroidManifest.xml:27:13-50
37            android:label="@string/title_activity_media_provider"
37-->src\main\AndroidManifest.xml:28:13-66
38            android:theme="@style/AppTheme" />
38-->src\main\AndroidManifest.xml:29:13-44
39
40        <service
40-->src\main\AndroidManifest.xml:31:9-34:47
41            android:name="com.example.playerdemo.MediaServiceProvider"
41-->src\main\AndroidManifest.xml:32:13-49
42            android:enabled="true"
42-->src\main\AndroidManifest.xml:33:13-35
43            android:exported="true" />
43-->src\main\AndroidManifest.xml:34:13-36
44        <service
44-->src\main\AndroidManifest.xml:36:9-39:48
45            android:name="com.example.playerdemo.MediaService"
45-->src\main\AndroidManifest.xml:37:13-41
46            android:enabled="true"
46-->src\main\AndroidManifest.xml:38:13-35
47            android:exported="true" />
47-->src\main\AndroidManifest.xml:39:13-36
48
49        <activity android:name="com.example.playerdemo.MyActivity" >
49-->src\main\AndroidManifest.xml:41:9-47:20
49-->src\main\AndroidManifest.xml:41:19-45
50            <intent-filter>
50-->src\main\AndroidManifest.xml:42:13-46:29
51                <action android:name="android.intent.action.MAIN" />
51-->src\main\AndroidManifest.xml:43:17-69
51-->src\main\AndroidManifest.xml:43:25-66
52
53                <category android:name="android.intent.category.LAUNCHER" />
53-->src\main\AndroidManifest.xml:45:17-77
53-->src\main\AndroidManifest.xml:45:27-74
54            </intent-filter>
55        </activity>
56        <activity android:name="com.example.playerdemo.ExampleActivity" />
56-->src\main\AndroidManifest.xml:48:9-53
56-->src\main\AndroidManifest.xml:48:19-50
57    </application>
58
59</manifest>